

*******************************************************************************
Fri Feb 21 22:08:07 2020


FIT:    data read from "resultFile.dat" u ($2*$3):($4)
        format = x:z
        #datapoints = 1435
        residuals are weighted equally (unit weight)

function used for fitting: f(x)
fitted parameters initialized with current variable values



 Iteration 0
 WSSR        : 1435.08           delta(WSSR)/WSSR   : 0
 delta(WSSR) : 0                 limit for stopping : 1e-05
 lambda	  : 0.57735

initial set of free parameter values

a               = 1
b               = 1
c               = 1

After 11 iterations the fit converged.
final sum of squares of residuals : 1.62216e-09
rel. change during last iteration : -1.09498e-07

degrees of freedom    (FIT_NDF)                        : 1432
rms of residuals      (FIT_STDFIT) = sqrt(WSSR/ndf)    : 1.06433e-06
variance of residuals (reduced chisquare) = WSSR/ndf   : 1.1328e-12

Final set of parameters            Asymptotic Standard Error
=======================            ==========================

a               = 1860.59          +/- 101.7        (5.465%)
b               = -0.010815        +/- 0.006578     (60.82%)
c               = 7.54583e-08      +/- 7.377e-08    (97.76%)


correlation matrix of the fit parameters:

               a      b      c      
a               1.000 
b              -0.979  1.000 
c               0.761 -0.851  1.000 


*******************************************************************************
Fri Feb 21 22:08:43 2020


FIT:    data read from "resultFile.dat" u ($2*$3):($4)
        format = x:z
        #datapoints = 1435
        residuals are weighted equally (unit weight)

function used for fitting: f(x)
fitted parameters initialized with current variable values



 Iteration 0
 WSSR        : 1.62216e-09       delta(WSSR)/WSSR   : 0
 delta(WSSR) : 0                 limit for stopping : 1e-05
 lambda	  : 0.57735

initial set of free parameter values

a               = 1860.59
b               = -0.010815
c               = 7.54583e-08

After 1 iterations the fit converged.
final sum of squares of residuals : 1.62216e-09
rel. change during last iteration : -1.01985e-15

degrees of freedom    (FIT_NDF)                        : 1432
rms of residuals      (FIT_STDFIT) = sqrt(WSSR/ndf)    : 1.06433e-06
variance of residuals (reduced chisquare) = WSSR/ndf   : 1.1328e-12

Final set of parameters            Asymptotic Standard Error
=======================            ==========================

a               = 1860.59          +/- 101.7        (5.465%)
b               = -0.010815        +/- 0.006578     (60.82%)
c               = 7.54583e-08      +/- 7.377e-08    (97.76%)


correlation matrix of the fit parameters:

               a      b      c      
a               1.000 
b              -0.979  1.000 
c               0.761 -0.851  1.000 


*******************************************************************************
Fri Feb 21 22:11:14 2020


FIT:    data read from "resultFile.dat" u ($2*$3):($4)
        format = x:z
        #datapoints = 1435
        residuals are weighted equally (unit weight)

function used for fitting: g(x)
fitted parameters initialized with current variable values



 Iteration 0
 WSSR        : 1434.99           delta(WSSR)/WSSR   : 0
 delta(WSSR) : 0                 limit for stopping : 1e-05
 lambda	  : 1

initial set of free parameter values

mean_y          = 1

After 3 iterations the fit converged.
final sum of squares of residuals : 9.31924e-09
rel. change during last iteration : -3.62619e-06

degrees of freedom    (FIT_NDF)                        : 1434
rms of residuals      (FIT_STDFIT) = sqrt(WSSR/ndf)    : 2.54927e-06
variance of residuals (reduced chisquare) = WSSR/ndf   : 6.49877e-12

Final set of parameters            Asymptotic Standard Error
=======================            ==========================

mean_y          = 2.16525e-06      +/- 6.73e-08     (3.108%)


correlation matrix of the fit parameters:

               mean_y 
mean_y          1.000 


*******************************************************************************
Sat Feb 22 12:10:09 2020


FIT:    data read from "spectrum_variance_gap_5_15.dat" u ($4):($5)
        format = x:z
        #datapoints = 3908
        residuals are weighted equally (unit weight)

function used for fitting: f(x)
fitted parameters initialized with current variable values



 Iteration 0
 WSSR        : 2654.43           delta(WSSR)/WSSR   : 0
 delta(WSSR) : 0                 limit for stopping : 1e-05
 lambda	  : 0.707107

initial set of free parameter values

a               = 1
b               = 1

After 7 iterations the fit converged.
final sum of squares of residuals : 2.37023
rel. change during last iteration : -8.38445e-07

degrees of freedom    (FIT_NDF)                        : 3906
rms of residuals      (FIT_STDFIT) = sqrt(WSSR/ndf)    : 0.0246337
variance of residuals (reduced chisquare) = WSSR/ndf   : 0.000606819

Final set of parameters            Asymptotic Standard Error
=======================            ==========================

a               = -18061.5         +/- 183.7        (1.017%)
b               = 0.200552         +/- 0.0004605    (0.2296%)


correlation matrix of the fit parameters:

               a      b      
a               1.000 
b              -0.517  1.000 


*******************************************************************************
Sat Feb 22 12:28:24 2020


FIT:    data read from "spectrum_variance_gap_5_15.dat" u ($4):($5)
        format = x:z
        #datapoints = 3908
        residuals are weighted equally (unit weight)

function used for fitting: f(x)
fitted parameters initialized with current variable values



*******************************************************************************
Sat Feb 22 12:28:34 2020


FIT:    data read from "spectrum_variance_gap_5_15.dat" u ($4):($5)
        format = x:z
        #datapoints = 3908
        residuals are weighted equally (unit weight)

function used for fitting: f(x)
fitted parameters initialized with current variable values



 Iteration 0
 WSSR        : 2654.43           delta(WSSR)/WSSR   : 0
 delta(WSSR) : 0                 limit for stopping : 1e-05
 lambda	  : 0.707107

initial set of free parameter values

a               = 1
b               = 1

After 7 iterations the fit converged.
final sum of squares of residuals : 2.37023
rel. change during last iteration : -8.38445e-07

degrees of freedom    (FIT_NDF)                        : 3906
rms of residuals      (FIT_STDFIT) = sqrt(WSSR/ndf)    : 0.0246337
variance of residuals (reduced chisquare) = WSSR/ndf   : 0.000606819

Final set of parameters            Asymptotic Standard Error
=======================            ==========================

a               = -18061.5         +/- 183.7        (1.017%)
b               = 0.200552         +/- 0.0004605    (0.2296%)


correlation matrix of the fit parameters:

               a      b      
a               1.000 
b              -0.517  1.000 


*******************************************************************************
Thu Jul  9 17:34:44 2020


FIT:    data read from "testREsults_6_18_hc_new.dat" u 13:11
        format = x:z
        #datapoints = 1262
        residuals are weighted equally (unit weight)

function used for fitting: f(x)
fitted parameters initialized with current variable values



 Iteration 0
 WSSR        : 1.4133e+06        delta(WSSR)/WSSR   : 0
 delta(WSSR) : 0                 limit for stopping : 1e-05
 lambda	  : 0.707107

initial set of free parameter values

a               = 1
b               = 1

After 2 iterations the fit converged.
final sum of squares of residuals : 738087
rel. change during last iteration : -5.59406e-07

degrees of freedom    (FIT_NDF)                        : 1260
rms of residuals      (FIT_STDFIT) = sqrt(WSSR/ndf)    : 24.203
variance of residuals (reduced chisquare) = WSSR/ndf   : 585.783

Final set of parameters            Asymptotic Standard Error
=======================            ==========================

a               = 6.59607          +/- 5.02e+05     (7.611e+06%)
b               = 24.1307          +/- 0.9928       (4.114%)


correlation matrix of the fit parameters:

               a      b      
a               1.000 
b              -0.727  1.000 
